1580704629175	mozrunner::runner	INFO	Running command: "/usr/bin/firefox" "-marionette" "-foreground" "-no-remote" "-profile" "/tmp/rust_mozprofileg9hTDb"
1580704633099	addons.webextension.screenshots@mozilla.org	WARN	Loading extension 'screenshots@mozilla.org': Reading manifest: Invalid extension permission: mozillaAddons
1580704633100	addons.webextension.screenshots@mozilla.org	WARN	Loading extension 'screenshots@mozilla.org': Reading manifest: Invalid extension permission: telemetry
1580704633100	addons.webextension.screenshots@mozilla.org	WARN	Loading extension 'screenshots@mozilla.org': Reading manifest: Invalid extension permission: resource://pdf.js/
1580704633100	addons.webextension.screenshots@mozilla.org	WARN	Loading extension 'screenshots@mozilla.org': Reading manifest: Invalid extension permission: about:reader*
JavaScript error: resource:///modules/sessionstore/SessionStore.jsm, line 1325: uncaught exception: 2147746065
1580704645566	Marionette	INFO	Listening on port 41917
1580704645640	Marionette	WARN	TLS certificate errors will be ignored for this session
[Child 10020, MediaPlayback #2] WARNING: Decoder=7f62f28ddc00 state=DECODING_METADATA Decode metadata failed, shutting down decoder: file /build/firefox-esr-tpvy6K/firefox-esr-68.2.0esr/dom/media/MediaDecoderStateMachine.cpp, line 351
[Child 10020, MediaPlayback #2] WARNING: Decoder=7f62f28ddc00 Decode error: NS_ERROR_DOM_MEDIA_METADATA_ERR (0x806e0006): file /build/firefox-esr-tpvy6K/firefox-esr-68.2.0esr/dom/media/MediaDecoderStateMachine.cpp, line 3307
[Child 10020, MediaPlayback #1] WARNING: Decoder=7f62ef55d400 state=DECODING_METADATA Decode metadata failed, shutting down decoder: file /build/firefox-esr-tpvy6K/firefox-esr-68.2.0esr/dom/media/MediaDecoderStateMachine.cpp, line 351
[Child 10020, MediaPlayback #1] WARNING: Decoder=7f62ef55d400 Decode error: NS_ERROR_DOM_MEDIA_METADATA_ERR (0x806e0006): file /build/firefox-esr-tpvy6K/firefox-esr-68.2.0esr/dom/media/MediaDecoderStateMachine.cpp, line 3307
1580704893177	Marionette	INFO	Stopped listening on port 41917
1580704902412	mozrunner::runner	INFO	Running command: "/usr/bin/firefox" "-marionette" "-foreground" "-no-remote" "-profile" "/tmp/rust_mozprofileYO15Ff"
1580704906635	addons.webextension.screenshots@mozilla.org	WARN	Loading extension 'screenshots@mozilla.org': Reading manifest: Invalid extension permission: mozillaAddons
1580704906636	addons.webextension.screenshots@mozilla.org	WARN	Loading extension 'screenshots@mozilla.org': Reading manifest: Invalid extension permission: telemetry
1580704906636	addons.webextension.screenshots@mozilla.org	WARN	Loading extension 'screenshots@mozilla.org': Reading manifest: Invalid extension permission: resource://pdf.js/
1580704906636	addons.webextension.screenshots@mozilla.org	WARN	Loading extension 'screenshots@mozilla.org': Reading manifest: Invalid extension permission: about:reader*
JavaScript error: resource:///modules/sessionstore/SessionStore.jsm, line 1325: uncaught exception: 2147746065
1580704913754	Marionette	INFO	Listening on port 45741
1580704913858	Marionette	WARN	TLS certificate errors will be ignored for this session
[Child 10351, MediaPlayback #1] WARNING: Decoder=7f43f3f0a000 state=DECODING_METADATA Decode metadata failed, shutting down decoder: file /build/firefox-esr-tpvy6K/firefox-esr-68.2.0esr/dom/media/MediaDecoderStateMachine.cpp, line 351
[Child 10351, MediaPlayback #1] WARNING: Decoder=7f43f3f0a000 Decode error: NS_ERROR_DOM_MEDIA_METADATA_ERR (0x806e0006): file /build/firefox-esr-tpvy6K/firefox-esr-68.2.0esr/dom/media/MediaDecoderStateMachine.cpp, line 3307
[Child 10351, MediaPlayback #2] WARNING: Decoder=7f43eb820800 state=DECODING_METADATA Decode metadata failed, shutting down decoder: file /build/firefox-esr-tpvy6K/firefox-esr-68.2.0esr/dom/media/MediaDecoderStateMachine.cpp, line 351
[Child 10351, MediaPlayback #2] WARNING: Decoder=7f43eb820800 Decode error: NS_ERROR_DOM_MEDIA_METADATA_ERR (0x806e0006): file /build/firefox-esr-tpvy6K/firefox-esr-68.2.0esr/dom/media/MediaDecoderStateMachine.cpp, line 3307
1580705162366	Marionette	INFO	Stopped listening on port 45741
1580705174291	mozrunner::runner	INFO	Running command: "/usr/bin/firefox" "-marionette" "-foreground" "-no-remote" "-profile" "/tmp/rust_mozprofilefTvDDs"
1580705177778	addons.webextension.screenshots@mozilla.org	WARN	Loading extension 'screenshots@mozilla.org': Reading manifest: Invalid extension permission: mozillaAddons
1580705177778	addons.webextension.screenshots@mozilla.org	WARN	Loading extension 'screenshots@mozilla.org': Reading manifest: Invalid extension permission: telemetry
1580705177779	addons.webextension.screenshots@mozilla.org	WARN	Loading extension 'screenshots@mozilla.org': Reading manifest: Invalid extension permission: resource://pdf.js/
1580705177779	addons.webextension.screenshots@mozilla.org	WARN	Loading extension 'screenshots@mozilla.org': Reading manifest: Invalid extension permission: about:reader*
JavaScript error: resource:///modules/sessionstore/SessionStore.jsm, line 1325: uncaught exception: 2147746065
1580705183101	Marionette	INFO	Listening on port 32899
1580705183175	Marionette	WARN	TLS certificate errors will be ignored for this session
[Child 10637, MediaPlayback #1] WARNING: Decoder=7f568b5b3000 state=DECODING_METADATA Decode metadata failed, shutting down decoder: file /build/firefox-esr-tpvy6K/firefox-esr-68.2.0esr/dom/media/MediaDecoderStateMachine.cpp, line 351
[Child 10637, MediaPlayback #1] WARNING: Decoder=7f568b5b3000 Decode error: NS_ERROR_DOM_MEDIA_METADATA_ERR (0x806e0006): file /build/firefox-esr-tpvy6K/firefox-esr-68.2.0esr/dom/media/MediaDecoderStateMachine.cpp, line 3307
[Child 10637, MediaPlayback #3] WARNING: Decoder=7f568b5da800 state=DECODING_METADATA Decode metadata failed, shutting down decoder: file /build/firefox-esr-tpvy6K/firefox-esr-68.2.0esr/dom/media/MediaDecoderStateMachine.cpp, line 351
[Child 10637, MediaPlayback #3] WARNING: Decoder=7f568b5da800 Decode error: NS_ERROR_DOM_MEDIA_METADATA_ERR (0x806e0006): file /build/firefox-esr-tpvy6K/firefox-esr-68.2.0esr/dom/media/MediaDecoderStateMachine.cpp, line 3307
1580705451505	Marionette	INFO	Stopped listening on port 32899
1580707109083	mozrunner::runner	INFO	Running command: "/usr/bin/firefox" "-marionette" "-foreground" "-no-remote" "-profile" "/tmp/rust_mozprofilef5AEGG"
1580707116268	addons.webextension.screenshots@mozilla.org	WARN	Loading extension 'screenshots@mozilla.org': Reading manifest: Invalid extension permission: mozillaAddons
1580707116269	addons.webextension.screenshots@mozilla.org	WARN	Loading extension 'screenshots@mozilla.org': Reading manifest: Invalid extension permission: telemetry
1580707116269	addons.webextension.screenshots@mozilla.org	WARN	Loading extension 'screenshots@mozilla.org': Reading manifest: Invalid extension permission: resource://pdf.js/
1580707116269	addons.webextension.screenshots@mozilla.org	WARN	Loading extension 'screenshots@mozilla.org': Reading manifest: Invalid extension permission: about:reader*
JavaScript error: resource:///modules/sessionstore/SessionStore.jsm, line 1325: uncaught exception: 2147746065
1580707126996	Marionette	INFO	Listening on port 33231
1580707127071	Marionette	WARN	TLS certificate errors will be ignored for this session
[Child 11857, MediaPlayback #2] WARNING: Decoder=7f6f149dc800 state=DECODING_METADATA Decode metadata failed, shutting down decoder: file /build/firefox-esr-tpvy6K/firefox-esr-68.2.0esr/dom/media/MediaDecoderStateMachine.cpp, line 351
[Child 11857, MediaPlayback #2] WARNING: Decoder=7f6f149dc800 Decode error: NS_ERROR_DOM_MEDIA_METADATA_ERR (0x806e0006): file /build/firefox-esr-tpvy6K/firefox-esr-68.2.0esr/dom/media/MediaDecoderStateMachine.cpp, line 3307
[Child 11857, MediaPlayback #2] WARNING: Decoder=7f6f15b7b000 state=DECODING_METADATA Decode metadata failed, shutting down decoder: file /build/firefox-esr-tpvy6K/firefox-esr-68.2.0esr/dom/media/MediaDecoderStateMachine.cpp, line 351
[Child 11857, MediaPlayback #2] WARNING: Decoder=7f6f15b7b000 Decode error: NS_ERROR_DOM_MEDIA_METADATA_ERR (0x806e0006): file /build/firefox-esr-tpvy6K/firefox-esr-68.2.0esr/dom/media/MediaDecoderStateMachine.cpp, line 3307
Exiting due to channel error.
Exiting due to channel error.
Exiting due to channel error.
1580707409526	mozrunner::runner	INFO	Running command: "/usr/bin/firefox" "-marionette" "-foreground" "-no-remote" "-profile" "/tmp/rust_mozprofileyPrG4B"
1580707413679	addons.webextension.screenshots@mozilla.org	WARN	Loading extension 'screenshots@mozilla.org': Reading manifest: Invalid extension permission: mozillaAddons
1580707413679	addons.webextension.screenshots@mozilla.org	WARN	Loading extension 'screenshots@mozilla.org': Reading manifest: Invalid extension permission: telemetry
1580707413680	addons.webextension.screenshots@mozilla.org	WARN	Loading extension 'screenshots@mozilla.org': Reading manifest: Invalid extension permission: resource://pdf.js/
1580707413680	addons.webextension.screenshots@mozilla.org	WARN	Loading extension 'screenshots@mozilla.org': Reading manifest: Invalid extension permission: about:reader*
JavaScript error: resource:///modules/sessionstore/SessionStore.jsm, line 1325: uncaught exception: 2147746065
1580707421370	Marionette	INFO	Listening on port 42249
1580707421511	Marionette	WARN	TLS certificate errors will be ignored for this session
[Child 12183, MediaPlayback #2] WARNING: Decoder=7f53043f6800 state=DECODING_METADATA Decode metadata failed, shutting down decoder: file /build/firefox-esr-tpvy6K/firefox-esr-68.2.0esr/dom/media/MediaDecoderStateMachine.cpp, line 351
[Child 12183, MediaPlayback #2] WARNING: Decoder=7f53043f6800 Decode error: NS_ERROR_DOM_MEDIA_METADATA_ERR (0x806e0006): file /build/firefox-esr-tpvy6K/firefox-esr-68.2.0esr/dom/media/MediaDecoderStateMachine.cpp, line 3307
[Child 12183, MediaPlayback #2] WARNING: Decoder=7f52fc370c00 state=DECODING_METADATA Decode metadata failed, shutting down decoder: file /build/firefox-esr-tpvy6K/firefox-esr-68.2.0esr/dom/media/MediaDecoderStateMachine.cpp, line 351
[Child 12183, MediaPlayback #2] WARNING: Decoder=7f52fc370c00 Decode error: NS_ERROR_DOM_MEDIA_METADATA_ERR (0x806e0006): file /build/firefox-esr-tpvy6K/firefox-esr-68.2.0esr/dom/media/MediaDecoderStateMachine.cpp, line 3307
Exiting due to channel error.
Exiting due to channel error.
Exiting due to channel error.
1623014966843	geckodriver	INFO	Listening on 127.0.0.1:47373
1623014966846	mozrunner::runner	INFO	Running command: "/usr/bin/firefox" "--marionette" "-foreground" "-no-remote" "-profile" "/tmp/rust_mozprofileBCmS6m"
1623014967173	Marionette	INFO	Marionette enabled
console.warn: SearchSettings: "get: No settings file exists, new profile?" (new Error("", "(unknown module)"))
1623014968383	Marionette	INFO	Listening on port 37509
1623014968520	Marionette	WARN	TLS certificate errors will be ignored for this session
JavaScript error: https://start.fedoraproject.org/, line 296: TypeError: $(...).uls is not a function
JavaScript error: https://www.gstatic.com/_/messagesweb/_/js/k=messagesweb.sw.en_US.TH-1-q9E9bE.O/am=aQ/d=1/rs=AIp04d_xJwFFtybWiDU2If87rQbdqWc6yQ/m=sw, line 2518: TypeError: _._DumpException is not a function
JavaScript error: , line 0: TypeError: ServiceWorker script at https://messages.google.com/web/serviceworker-bundle.js for scope https://messages.google.com/web/ threw an exception during script evaluation.
1623015069747	Marionette	INFO	Stopped listening on port 37509
1623015142090	geckodriver	INFO	Listening on 127.0.0.1:38223
1623015142093	mozrunner::runner	INFO	Running command: "/usr/bin/firefox" "--marionette" "-foreground" "-no-remote" "-profile" "/tmp/rust_mozprofile7OVK5Y"
1623015142414	Marionette	INFO	Marionette enabled
console.warn: SearchSettings: "get: No settings file exists, new profile?" (new Error("", "(unknown module)"))
1623015143568	Marionette	INFO	Listening on port 46347
1623015143609	Marionette	WARN	TLS certificate errors will be ignored for this session
JavaScript error: https://start.fedoraproject.org/, line 296: TypeError: $(...).uls is not a function
JavaScript error: https://www.gstatic.com/_/messagesweb/_/js/k=messagesweb.sw.en_US.TH-1-q9E9bE.O/am=aQ/d=1/rs=AIp04d_xJwFFtybWiDU2If87rQbdqWc6yQ/m=sw, line 2518: TypeError: _._DumpException is not a function
JavaScript error: , line 0: TypeError: ServiceWorker script at https://messages.google.com/web/serviceworker-bundle.js for scope https://messages.google.com/web/ threw an exception during script evaluation.
console.error: (new TypeError("parent is null", "resource://devtools/client/inspector/shared/style-change-tracker.js", 67))
TypeError: parent is null: canMutationImpactCurrentStyles@resource://devtools/client/inspector/shared/style-change-tracker.js:67:24
onMutations@resource://devtools/client/inspector/shared/style-change-tracker.js:84:41
_emit@resource://devtools/shared/event-emitter.js:226:34
emit@resource://devtools/shared/event-emitter.js:172:18
emit@resource://devtools/shared/event-emitter.js:324:18
getMutations@resource://devtools/client/fronts/walker.js:358:10

console.error: "Error while calling actor 'pagestyle's method 'getLayout'" "node is null"
console.error: (new TypeError("node is null", "resource://devtools/server/actors/page-style.js", 1002))
console.error: (new Error("Protocol error (TypeError): node is null from: server0.conn0.child4/pagestyle25 (resource://devtools/server/actors/page-style.js:1002:5)", "resource://devtools/shared/protocol/Front.js", 358))
console.error: (new TypeError("parent is null", "resource://devtools/client/inspector/shared/style-change-tracker.js", 67))
TypeError: parent is null: canMutationImpactCurrentStyles@resource://devtools/client/inspector/shared/style-change-tracker.js:67:24
onMutations@resource://devtools/client/inspector/shared/style-change-tracker.js:84:41
_emit@resource://devtools/shared/event-emitter.js:226:34
emit@resource://devtools/shared/event-emitter.js:172:18
emit@resource://devtools/shared/event-emitter.js:324:18
getMutations@resource://devtools/client/fronts/walker.js:358:10

console.error: (new Invariant Violation("Minified React error #188; visit https://reactjs.org/docs/error-decoder.html?invariant=188 for the full message or use the non-minified dev environment for full errors and additional helpful warnings. ", "resource://devtools/client/shared/vendor/react-dom.js", 34))
IPDL protocol error: Handler returned error code!

###!!! [Parent][DispatchAsyncMessage] Error: PLayerTransaction::Msg_ReleaseLayer Processing error: message was deserialized, but the handler returned false (indicating failure)

IPDL protocol error: Handler returned error code!

###!!! [Parent][DispatchAsyncMessage] Error: PLayerTransaction::Msg_ReleaseLayer Processing error: message was deserialized, but the handler returned false (indicating failure)

IPDL protocol error: Handler returned error code!

###!!! [Parent][DispatchAsyncMessage] Error: PLayerTransaction::Msg_ReleaseLayer Processing error: message was deserialized, but the handler returned false (indicating failure)

IPDL protocol error: Handler returned error code!

###!!! [Parent][DispatchAsyncMessage] Error: PLayerTransaction::Msg_ReleaseLayer Processing error: message was deserialized, but the handler returned false (indicating failure)

IPDL protocol error: Handler returned error code!

###!!! [Parent][DispatchAsyncMessage] Error: PLayerTransaction::Msg_ReleaseLayer Processing error: message was deserialized, but the handler returned false (indicating failure)

IPDL protocol error: Handler returned error code!

###!!! [Parent][DispatchAsyncMessage] Error: PLayerTransaction::Msg_ReleaseLayer Processing error: message was deserialized, but the handler returned false (indicating failure)

IPDL protocol error: Handler returned error code!

###!!! [Parent][DispatchAsyncMessage] Error: PLayerTransaction::Msg_ReleaseLayer Processing error: message was deserialized, but the handler returned false (indicating failure)

IPDL protocol error: Handler returned error code!

###!!! [Parent][DispatchAsyncMessage] Error: PLayerTransaction::Msg_ReleaseLayer Processing error: message was deserialized, but the handler returned false (indicating failure)

IPDL protocol error: Handler returned error code!

###!!! [Parent][DispatchAsyncMessage] Error: PLayerTransaction::Msg_ReleaseLayer Processing error: message was deserialized, but the handler returned false (indicating failure)

IPDL protocol error: Handler returned error code!

###!!! [Parent][DispatchAsyncMessage] Error: PLayerTransaction::Msg_ReleaseLayer Processing error: message was deserialized, but the handler returned false (indicating failure)

IPDL protocol error: Handler returned error code!

###!!! [Parent][DispatchAsyncMessage] Error: PLayerTransaction::Msg_ReleaseLayer Processing error: message was deserialized, but the handler returned false (indicating failure)

IPDL protocol error: Handler returned error code!

###!!! [Parent][DispatchAsyncMessage] Error: PLayerTransaction::Msg_ReleaseLayer Processing error: message was deserialized, but the handler returned false (indicating failure)

IPDL protocol error: Handler returned error code!

###!!! [Parent][DispatchAsyncMessage] Error: PLayerTransaction::Msg_ReleaseLayer Processing error: message was deserialized, but the handler returned false (indicating failure)

IPDL protocol error: Handler returned error code!

###!!! [Parent][DispatchAsyncMessage] Error: PLayerTransaction::Msg_ReleaseLayer Processing error: message was deserialized, but the handler returned false (indicating failure)

IPDL protocol error: Handler returned error code!

###!!! [Parent][DispatchAsyncMessage] Error: PLayerTransaction::Msg_ReleaseLayer Processing error: message was deserialized, but the handler returned false (indicating failure)

IPDL protocol error: Handler returned error code!

###!!! [Parent][DispatchAsyncMessage] Error: PLayerTransaction::Msg_ReleaseLayer Processing error: message was deserialized, but the handler returned false (indicating failure)

IPDL protocol error: Handler returned error code!

###!!! [Parent][DispatchAsyncMessage] Error: PLayerTransaction::Msg_ReleaseLayer Processing error: message was deserialized, but the handler returned false (indicating failure)

IPDL protocol error: Handler returned error code!

###!!! [Parent][DispatchAsyncMessage] Error: PLayerTransaction::Msg_ReleaseLayer Processing error: message was deserialized, but the handler returned false (indicating failure)

IPDL protocol error: Handler returned error code!

###!!! [Parent][DispatchAsyncMessage] Error: PLayerTransaction::Msg_ReleaseLayer Processing error: message was deserialized, but the handler returned false (indicating failure)

IPDL protocol error: Handler returned error code!

###!!! [Parent][DispatchAsyncMessage] Error: PLayerTransaction::Msg_ReleaseLayer Processing error: message was deserialized, but the handler returned false (indicating failure)

IPDL protocol error: Handler returned error code!

###!!! [Parent][DispatchAsyncMessage] Error: PLayerTransaction::Msg_ReleaseLayer Processing error: message was deserialized, but the handler returned false (indicating failure)

IPDL protocol error: Handler returned error code!

###!!! [Parent][DispatchAsyncMessage] Error: PLayerTransaction::Msg_ReleaseLayer Processing error: message was deserialized, but the handler returned false (indicating failure)

IPDL protocol error: Handler returned error code!

###!!! [Parent][DispatchAsyncMessage] Error: PLayerTransaction::Msg_ReleaseLayer Processing error: message was deserialized, but the handler returned false (indicating failure)

IPDL protocol error: Handler returned error code!

###!!! [Parent][DispatchAsyncMessage] Error: PLayerTransaction::Msg_ReleaseLayer Processing error: message was deserialized, but the handler returned false (indicating failure)

IPDL protocol error: Handler returned error code!

###!!! [Parent][DispatchAsyncMessage] Error: PLayerTransaction::Msg_ReleaseLayer Processing error: message was deserialized, but the handler returned false (indicating failure)

IPDL protocol error: Handler returned error code!

###!!! [Parent][DispatchAsyncMessage] Error: PLayerTransaction::Msg_ReleaseLayer Processing error: message was deserialized, but the handler returned false (indicating failure)

IPDL protocol error: Handler returned error code!

###!!! [Parent][DispatchAsyncMessage] Error: PLayerTransaction::Msg_ReleaseLayer Processing error: message was deserialized, but the handler returned false (indicating failure)

1623015513092	Marionette	INFO	Stopped listening on port 46347

###!!! [Parent][RunMessage] Error: Channel closing: too late to send/recv, messages will be lost

1623015516350	geckodriver	INFO	Listening on 127.0.0.1:45239
1623015516353	mozrunner::runner	INFO	Running command: "/usr/bin/firefox" "--marionette" "-foreground" "-no-remote" "-profile" "/tmp/rust_mozprofile3b1EYG"
1623015516699	Marionette	INFO	Marionette enabled
console.warn: SearchSettings: "get: No settings file exists, new profile?" (new Error("", "(unknown module)"))
1623015517899	Marionette	INFO	Listening on port 33247
1623015518028	Marionette	WARN	TLS certificate errors will be ignored for this session
JavaScript error: https://start.fedoraproject.org/, line 296: TypeError: $(...).uls is not a function
JavaScript error: https://www.gstatic.com/_/messagesweb/_/js/k=messagesweb.sw.en_US.TH-1-q9E9bE.O/am=aQ/d=1/rs=AIp04d_xJwFFtybWiDU2If87rQbdqWc6yQ/m=sw, line 2518: TypeError: _._DumpException is not a function
JavaScript error: , line 0: TypeError: ServiceWorker script at https://messages.google.com/web/serviceworker-bundle.js for scope https://messages.google.com/web/ threw an exception during script evaluation.
1623015772267	geckodriver	INFO	Listening on 127.0.0.1:40295
1623015772270	mozrunner::runner	INFO	Running command: "/usr/bin/firefox" "--marionette" "-foreground" "-no-remote" "-profile" "/tmp/rust_mozprofilekEREsA"
1623015772606	Marionette	INFO	Marionette enabled
console.warn: SearchSettings: "get: No settings file exists, new profile?" (new Error("", "(unknown module)"))
1623015773760	Marionette	INFO	Listening on port 40861
1623015773795	Marionette	WARN	TLS certificate errors will be ignored for this session
JavaScript error: https://start.fedoraproject.org/, line 296: TypeError: $(...).uls is not a function
JavaScript error: https://www.gstatic.com/_/messagesweb/_/js/k=messagesweb.sw.en_US.TH-1-q9E9bE.O/am=aQ/d=1/rs=AIp04d_xJwFFtybWiDU2If87rQbdqWc6yQ/m=sw, line 2518: TypeError: _._DumpException is not a function
JavaScript error: , line 0: TypeError: ServiceWorker script at https://messages.google.com/web/serviceworker-bundle.js for scope https://messages.google.com/web/ threw an exception during script evaluation.
1623015798539	Marionette	INFO	Stopped listening on port 33247
1623016120372	geckodriver	INFO	Listening on 127.0.0.1:37887
1623016120375	mozrunner::runner	INFO	Running command: "/usr/bin/firefox" "--marionette" "-foreground" "-no-remote" "-profile" "/tmp/rust_mozprofilee9X69y"
1623016120806	Marionette	INFO	Marionette enabled
console.warn: SearchSettings: "get: No settings file exists, new profile?" (new Error("", "(unknown module)"))
1623016121978	Marionette	INFO	Listening on port 40833
1623016122142	Marionette	WARN	TLS certificate errors will be ignored for this session
JavaScript error: https://start.fedoraproject.org/, line 296: TypeError: $(...).uls is not a function
JavaScript error: https://www.gstatic.com/_/messagesweb/_/js/k=messagesweb.sw.en_US.TH-1-q9E9bE.O/am=aQ/d=1/rs=AIp04d_xJwFFtybWiDU2If87rQbdqWc6yQ/m=sw, line 2518: TypeError: _._DumpException is not a function
JavaScript error: , line 0: TypeError: ServiceWorker script at https://messages.google.com/web/serviceworker-bundle.js for scope https://messages.google.com/web/ threw an exception during script evaluation.
1623016129654	Marionette	INFO	Stopped listening on port 40861

###!!! [Parent][RunMessage] Error: Channel closing: too late to send/recv, messages will be lost

1623016188017	Marionette	INFO	Stopped listening on port 40833

###!!! [Parent][RunMessage] Error: Channel closing: too late to send/recv, messages will be lost

1623016190699	geckodriver	INFO	Listening on 127.0.0.1:49435
1623016190702	mozrunner::runner	INFO	Running command: "/usr/bin/firefox" "--marionette" "-foreground" "-no-remote" "-profile" "/tmp/rust_mozprofilehVmiDo"
1623016191021	Marionette	INFO	Marionette enabled
console.warn: SearchSettings: "get: No settings file exists, new profile?" (new Error("", "(unknown module)"))
1623016192146	Marionette	INFO	Listening on port 40121
1623016192217	Marionette	WARN	TLS certificate errors will be ignored for this session
JavaScript error: https://start.fedoraproject.org/, line 296: TypeError: $(...).uls is not a function
JavaScript error: https://www.gstatic.com/_/messagesweb/_/js/k=messagesweb.sw.en_US.TH-1-q9E9bE.O/am=aQ/d=1/rs=AIp04d_xJwFFtybWiDU2If87rQbdqWc6yQ/m=sw, line 2518: TypeError: _._DumpException is not a function
JavaScript error: , line 0: TypeError: ServiceWorker script at https://messages.google.com/web/serviceworker-bundle.js for scope https://messages.google.com/web/ threw an exception during script evaluation.
